Performing C++ SOURCE FILE Test compiler_supports_cxx17 failed with the following output:
Change Dir: /home/munna/dune/dune-2.6.0/dune-fem1d/build-cmake/CMakeFiles/CMakeTmp

Run Build Command:"/usr/bin/make" "cmTC_c4d70/fast"
/usr/bin/make -f CMakeFiles/cmTC_c4d70.dir/build.make CMakeFiles/cmTC_c4d70.dir/build
make[1]: Entering directory '/home/munna/dune/dune-2.6.0/dune-fem1d/build-cmake/CMakeFiles/CMakeTmp'
Building CXX object CMakeFiles/cmTC_c4d70.dir/src.cxx.o
/usr/bin/c++     -DNDEBUG -O3 -ffast-math -Dcompiler_supports_cxx17  -std=c++17 -fPIE   -o CMakeFiles/cmTC_c4d70.dir/src.cxx.o -c /home/munna/dune/dune-2.6.0/dune-fem1d/build-cmake/CMakeFiles/CMakeTmp/src.cxx
/home/munna/dune/dune-2.6.0/dune-fem1d/build-cmake/CMakeFiles/CMakeTmp/src.cxx:5:14: error: expected ‘{’ before ‘::’ token
   namespace A::B {
              ^
/home/munna/dune/dune-2.6.0/dune-fem1d/build-cmake/CMakeFiles/CMakeTmp/src.cxx:5:16: error: ‘B’ in namespace ‘::’ does not name a type
   namespace A::B {
                ^
/home/munna/dune/dune-2.6.0/dune-fem1d/build-cmake/CMakeFiles/CMakeTmp/src.cxx: In function ‘int A::main()’:
/home/munna/dune/dune-2.6.0/dune-fem1d/build-cmake/CMakeFiles/CMakeTmp/src.cxx:11:34: error: ‘void_t’ is not a member of ‘std’
     return not std::is_same<void,std::void_t<A::B::T> >{};
                                  ^
/home/munna/dune/dune-2.6.0/dune-fem1d/build-cmake/CMakeFiles/CMakeTmp/src.cxx:11:34: error: ‘void_t’ is not a member of ‘std’
/home/munna/dune/dune-2.6.0/dune-fem1d/build-cmake/CMakeFiles/CMakeTmp/src.cxx:11:46: error: ‘B’ is not a member of ‘A’
     return not std::is_same<void,std::void_t<A::B::T> >{};
                                              ^
/home/munna/dune/dune-2.6.0/dune-fem1d/build-cmake/CMakeFiles/CMakeTmp/src.cxx:11:53: error: template argument 2 is invalid
     return not std::is_same<void,std::void_t<A::B::T> >{};
                                                     ^
/home/munna/dune/dune-2.6.0/dune-fem1d/build-cmake/CMakeFiles/CMakeTmp/src.cxx:11:56: error: expected primary-expression before ‘{’ token
     return not std::is_same<void,std::void_t<A::B::T> >{};
                                                        ^
/home/munna/dune/dune-2.6.0/dune-fem1d/build-cmake/CMakeFiles/CMakeTmp/src.cxx:11:56: error: expected ‘;’ before ‘{’ token
/home/munna/dune/dune-2.6.0/dune-fem1d/build-cmake/CMakeFiles/CMakeTmp/src.cxx: At global scope:
/home/munna/dune/dune-2.6.0/dune-fem1d/build-cmake/CMakeFiles/CMakeTmp/src.cxx:12:3: error: expected ‘}’ at end of input
   }
   ^
CMakeFiles/cmTC_c4d70.dir/build.make:65: recipe for target 'CMakeFiles/cmTC_c4d70.dir/src.cxx.o' failed
make[1]: *** [CMakeFiles/cmTC_c4d70.dir/src.cxx.o] Error 1
make[1]: Leaving directory '/home/munna/dune/dune-2.6.0/dune-fem1d/build-cmake/CMakeFiles/CMakeTmp'
Makefile:126: recipe for target 'cmTC_c4d70/fast' failed
make: *** [cmTC_c4d70/fast] Error 2

Source file was:

  #include <type_traits>

  // nested namespaces are a C++17 compiler feature
  namespace A::B {
    using T = int;
  }

  int main() {
    // std::void_t is a C++17 library feature
    return not std::is_same<void,std::void_t<A::B::T> >{};
  }
  
Performing C++ SOURCE FILE Test DUNE_HAVE_CXX_CLASS_TEMPLATE_ARGUMENT_DEDUCTION failed with the following output:
Change Dir: /home/munna/dune/dune-2.6.0/dune-fem1d/build-cmake/CMakeFiles/CMakeTmp

Run Build Command:"/usr/bin/make" "cmTC_acbf3/fast"
/usr/bin/make -f CMakeFiles/cmTC_acbf3.dir/build.make CMakeFiles/cmTC_acbf3.dir/build
make[1]: Entering directory '/home/munna/dune/dune-2.6.0/dune-fem1d/build-cmake/CMakeFiles/CMakeTmp'
Building CXX object CMakeFiles/cmTC_acbf3.dir/src.cxx.o
/usr/bin/c++     -std=c++14 -DNDEBUG -O3 -ffast-math -DDUNE_HAVE_CXX_CLASS_TEMPLATE_ARGUMENT_DEDUCTION -fPIE   -o CMakeFiles/cmTC_acbf3.dir/src.cxx.o -c /home/munna/dune/dune-2.6.0/dune-fem1d/build-cmake/CMakeFiles/CMakeTmp/src.cxx
/home/munna/dune/dune-2.6.0/dune-fem1d/build-cmake/CMakeFiles/CMakeTmp/src.cxx:18:28: error: expected constructor, destructor, or type conversion before ‘;’ token
     -> A<typename T2::type>;
                            ^
/home/munna/dune/dune-2.6.0/dune-fem1d/build-cmake/CMakeFiles/CMakeTmp/src.cxx: In function ‘int main()’:
/home/munna/dune/dune-2.6.0/dune-fem1d/build-cmake/CMakeFiles/CMakeTmp/src.cxx:22:7: error: missing template arguments before ‘a1’
     A a1(1);
       ^
/home/munna/dune/dune-2.6.0/dune-fem1d/build-cmake/CMakeFiles/CMakeTmp/src.cxx:23:19: error: ‘is_same_v’ is not a member of ‘std’
     static_assert(std::is_same_v< decltype(a1), A<int> >);
                   ^
/home/munna/dune/dune-2.6.0/dune-fem1d/build-cmake/CMakeFiles/CMakeTmp/src.cxx:23:44: error: ‘a1’ was not declared in this scope
     static_assert(std::is_same_v< decltype(a1), A<int> >);
                                            ^
/home/munna/dune/dune-2.6.0/dune-fem1d/build-cmake/CMakeFiles/CMakeTmp/src.cxx:23:35: error: expected primary-expression before ‘decltype’
     static_assert(std::is_same_v< decltype(a1), A<int> >);
                                   ^
/home/munna/dune/dune-2.6.0/dune-fem1d/build-cmake/CMakeFiles/CMakeTmp/src.cxx:23:35: error: expected ‘,’ before ‘decltype’
/home/munna/dune/dune-2.6.0/dune-fem1d/build-cmake/CMakeFiles/CMakeTmp/src.cxx:23:35: error: expected string-literal before ‘decltype’
/home/munna/dune/dune-2.6.0/dune-fem1d/build-cmake/CMakeFiles/CMakeTmp/src.cxx:23:35: error: expected ‘)’ before ‘decltype’
/home/munna/dune/dune-2.6.0/dune-fem1d/build-cmake/CMakeFiles/CMakeTmp/src.cxx:26:7: error: missing template arguments before ‘a2’
     A a2(b, b);
       ^
/home/munna/dune/dune-2.6.0/dune-fem1d/build-cmake/CMakeFiles/CMakeTmp/src.cxx:27:19: error: ‘is_same_v’ is not a member of ‘std’
     static_assert(std::is_same_v< decltype(a2), A<bool> >);
                   ^
/home/munna/dune/dune-2.6.0/dune-fem1d/build-cmake/CMakeFiles/CMakeTmp/src.cxx:27:44: error: ‘a2’ was not declared in this scope
     static_assert(std::is_same_v< decltype(a2), A<bool> >);
                                            ^
/home/munna/dune/dune-2.6.0/dune-fem1d/build-cmake/CMakeFiles/CMakeTmp/src.cxx:27:35: error: expected primary-expression before ‘decltype’
     static_assert(std::is_same_v< decltype(a2), A<bool> >);
                                   ^
/home/munna/dune/dune-2.6.0/dune-fem1d/build-cmake/CMakeFiles/CMakeTmp/src.cxx:27:35: error: expected ‘,’ before ‘decltype’
/home/munna/dune/dune-2.6.0/dune-fem1d/build-cmake/CMakeFiles/CMakeTmp/src.cxx:27:35: error: expected string-literal before ‘decltype’
/home/munna/dune/dune-2.6.0/dune-fem1d/build-cmake/CMakeFiles/CMakeTmp/src.cxx:27:35: error: expected ‘)’ before ‘decltype’
CMakeFiles/cmTC_acbf3.dir/build.make:65: recipe for target 'CMakeFiles/cmTC_acbf3.dir/src.cxx.o' failed
make[1]: *** [CMakeFiles/cmTC_acbf3.dir/src.cxx.o] Error 1
make[1]: Leaving directory '/home/munna/dune/dune-2.6.0/dune-fem1d/build-cmake/CMakeFiles/CMakeTmp'
Makefile:126: recipe for target 'cmTC_acbf3/fast' failed
make: *** [cmTC_acbf3/fast] Error 2

Source file was:

  #include <type_traits>

  template<typename T1>
  struct A {
    A(T1) {}

    template<typename T2>
    A(T2, T2) {}
  };

  struct B {
    using type = bool;
  };

  template<typename T2>
  A(T2, T2)
    -> A<typename T2::type>;

  int main()
  {
    A a1(1);
    static_assert(std::is_same_v< decltype(a1), A<int> >);

    B b;
    A a2(b, b);
    static_assert(std::is_same_v< decltype(a2), A<bool> >);
  }

Performing C++ SOURCE FILE Test DUNE_HAVE_CXX_OPTIONAL failed with the following output:
Change Dir: /home/munna/dune/dune-2.6.0/dune-fem1d/build-cmake/CMakeFiles/CMakeTmp

Run Build Command:"/usr/bin/make" "cmTC_4e087/fast"
/usr/bin/make -f CMakeFiles/cmTC_4e087.dir/build.make CMakeFiles/cmTC_4e087.dir/build
make[1]: Entering directory '/home/munna/dune/dune-2.6.0/dune-fem1d/build-cmake/CMakeFiles/CMakeTmp'
Building CXX object CMakeFiles/cmTC_4e087.dir/src.cxx.o
/usr/bin/c++     -std=c++14 -DNDEBUG -O3 -ffast-math -DDUNE_HAVE_CXX_OPTIONAL -fPIE   -o CMakeFiles/cmTC_4e087.dir/src.cxx.o -c /home/munna/dune/dune-2.6.0/dune-fem1d/build-cmake/CMakeFiles/CMakeTmp/src.cxx
/home/munna/dune/dune-2.6.0/dune-fem1d/build-cmake/CMakeFiles/CMakeTmp/src.cxx:2:22: fatal error: optional: No such file or directory
compilation terminated.
CMakeFiles/cmTC_4e087.dir/build.make:65: recipe for target 'CMakeFiles/cmTC_4e087.dir/src.cxx.o' failed
make[1]: *** [CMakeFiles/cmTC_4e087.dir/src.cxx.o] Error 1
make[1]: Leaving directory '/home/munna/dune/dune-2.6.0/dune-fem1d/build-cmake/CMakeFiles/CMakeTmp'
Makefile:126: recipe for target 'cmTC_4e087/fast' failed
make: *** [cmTC_4e087/fast] Error 2

Source file was:

  #include <optional>
  #include <string>

  int main()
  {
    std::optional< std::string > a;
    std::string b = a.value_or( "empty" );
  }

Determining if the pthread_create exist failed with the following output:
Change Dir: /home/munna/dune/dune-2.6.0/dune-fem1d/build-cmake/CMakeFiles/CMakeTmp

Run Build Command:"/usr/bin/make" "cmTC_50f0c/fast"
/usr/bin/make -f CMakeFiles/cmTC_50f0c.dir/build.make CMakeFiles/cmTC_50f0c.dir/build
make[1]: Entering directory '/home/munna/dune/dune-2.6.0/dune-fem1d/build-cmake/CMakeFiles/CMakeTmp'
Building C object CMakeFiles/cmTC_50f0c.dir/CheckSymbolExists.c.o
/usr/bin/cc    -fPIE   -o CMakeFiles/cmTC_50f0c.dir/CheckSymbolExists.c.o   -c /home/munna/dune/dune-2.6.0/dune-fem1d/build-cmake/CMakeFiles/CMakeTmp/CheckSymbolExists.c
Linking C executable cmTC_50f0c
/usr/bin/cmake -E cmake_link_script CMakeFiles/cmTC_50f0c.dir/link.txt --verbose=1
/usr/bin/cc       CMakeFiles/cmTC_50f0c.dir/CheckSymbolExists.c.o  -o cmTC_50f0c -rdynamic 
CMakeFiles/cmTC_50f0c.dir/CheckSymbolExists.c.o: In function `main':
CheckSymbolExists.c:(.text+0x1b): undefined reference to `pthread_create'
collect2: error: ld returned 1 exit status
CMakeFiles/cmTC_50f0c.dir/build.make:97: recipe for target 'cmTC_50f0c' failed
make[1]: *** [cmTC_50f0c] Error 1
make[1]: Leaving directory '/home/munna/dune/dune-2.6.0/dune-fem1d/build-cmake/CMakeFiles/CMakeTmp'
Makefile:126: recipe for target 'cmTC_50f0c/fast' failed
make: *** [cmTC_50f0c/fast] Error 2

File /home/munna/dune/dune-2.6.0/dune-fem1d/build-cmake/CMakeFiles/CMakeTmp/CheckSymbolExists.c:
/* */
#include <pthread.h>

int main(int argc, char** argv)
{
  (void)argv;
#ifndef pthread_create
  return ((int*)(&pthread_create))[argc];
#else
  (void)argc;
  return 0;
#endif
}

Performing C++ SOURCE FILE Test DUNE_SUPPORTS_CXX_THROW_IN_CONSTEXPR failed with the following output:
Change Dir: /home/munna/dune/dune-2.6.0/dune-fem1d/build-cmake/CMakeFiles/CMakeTmp

Run Build Command:"/usr/bin/make" "cmTC_4a15d/fast"
/usr/bin/make -f CMakeFiles/cmTC_4a15d.dir/build.make CMakeFiles/cmTC_4a15d.dir/build
make[1]: Entering directory '/home/munna/dune/dune-2.6.0/dune-fem1d/build-cmake/CMakeFiles/CMakeTmp'
Building CXX object CMakeFiles/cmTC_4a15d.dir/src.cxx.o
/usr/bin/c++     -std=c++14 -DNDEBUG -O3 -ffast-math -DDUNE_SUPPORTS_CXX_THROW_IN_CONSTEXPR -fPIE   -o CMakeFiles/cmTC_4a15d.dir/src.cxx.o -c /home/munna/dune/dune-2.6.0/dune-fem1d/build-cmake/CMakeFiles/CMakeTmp/src.cxx
/home/munna/dune/dune-2.6.0/dune-fem1d/build-cmake/CMakeFiles/CMakeTmp/src.cxx: In function ‘constexpr int foo(int)’:
/home/munna/dune/dune-2.6.0/dune-fem1d/build-cmake/CMakeFiles/CMakeTmp/src.cxx:10:3: error: expression ‘<throw-expression>’ is not a constant-expression
   }
   ^
/home/munna/dune/dune-2.6.0/dune-fem1d/build-cmake/CMakeFiles/CMakeTmp/src.cxx: In function ‘int main()’:
/home/munna/dune/dune-2.6.0/dune-fem1d/build-cmake/CMakeFiles/CMakeTmp/src.cxx:14:5: error: non-constant condition for static assertion
     static_assert(foo(4) == 16, "test failed");
     ^
/home/munna/dune/dune-2.6.0/dune-fem1d/build-cmake/CMakeFiles/CMakeTmp/src.cxx:14:22: error: ‘constexpr int foo(int)’ called in a constant expression
     static_assert(foo(4) == 16, "test failed");
                      ^
CMakeFiles/cmTC_4a15d.dir/build.make:65: recipe for target 'CMakeFiles/cmTC_4a15d.dir/src.cxx.o' failed
make[1]: *** [CMakeFiles/cmTC_4a15d.dir/src.cxx.o] Error 1
make[1]: Leaving directory '/home/munna/dune/dune-2.6.0/dune-fem1d/build-cmake/CMakeFiles/CMakeTmp'
Makefile:126: recipe for target 'cmTC_4a15d/fast' failed
make: *** [cmTC_4a15d/fast] Error 2

Source file was:

  constexpr int foo(int bar)
  {
    if (bar < 0)
      throw bar;
    int r = 1;
    for (int i = 0 ; i < bar ; ++i)
      r += r;
    return r;
  }

  int main()
  {
    static_assert(foo(4) == 16, "test failed");
    return 0;
  }

Determining if the std::move<std::bool_constant<true>> exist failed with the following output:
Change Dir: /home/munna/dune/dune-2.6.0/dune-fem1d/build-cmake/CMakeFiles/CMakeTmp

Run Build Command:"/usr/bin/make" "cmTC_c19b7/fast"
/usr/bin/make -f CMakeFiles/cmTC_c19b7.dir/build.make CMakeFiles/cmTC_c19b7.dir/build
make[1]: Entering directory '/home/munna/dune/dune-2.6.0/dune-fem1d/build-cmake/CMakeFiles/CMakeTmp'
Building CXX object CMakeFiles/cmTC_c19b7.dir/CheckSymbolExists.cxx.o
/usr/bin/c++     -std=c++14 -DNDEBUG -O3 -ffast-math  -fPIE   -o CMakeFiles/cmTC_c19b7.dir/CheckSymbolExists.cxx.o -c /home/munna/dune/dune-2.6.0/dune-fem1d/build-cmake/CMakeFiles/CMakeTmp/CheckSymbolExists.cxx
/home/munna/dune/dune-2.6.0/dune-fem1d/build-cmake/CMakeFiles/CMakeTmp/CheckSymbolExists.cxx:8:12: warning: extra tokens at end of #ifndef directive
 #ifndef std::move<std::bool_constant<true>>
            ^
/home/munna/dune/dune-2.6.0/dune-fem1d/build-cmake/CMakeFiles/CMakeTmp/CheckSymbolExists.cxx: In function ‘int main(int, char**)’:
/home/munna/dune/dune-2.6.0/dune-fem1d/build-cmake/CMakeFiles/CMakeTmp/CheckSymbolExists.cxx:9:29: error: ‘bool_constant’ is not a member of ‘std’
   return ((int*)(&std::move<std::bool_constant<true>>))[argc];
                             ^
/home/munna/dune/dune-2.6.0/dune-fem1d/build-cmake/CMakeFiles/CMakeTmp/CheckSymbolExists.cxx:9:29: error: ‘bool_constant’ is not a member of ‘std’
/home/munna/dune/dune-2.6.0/dune-fem1d/build-cmake/CMakeFiles/CMakeTmp/CheckSymbolExists.cxx:9:54: error: expected primary-expression before ‘)’ token
   return ((int*)(&std::move<std::bool_constant<true>>))[argc];
                                                      ^
CMakeFiles/cmTC_c19b7.dir/build.make:65: recipe for target 'CMakeFiles/cmTC_c19b7.dir/CheckSymbolExists.cxx.o' failed
make[1]: *** [CMakeFiles/cmTC_c19b7.dir/CheckSymbolExists.cxx.o] Error 1
make[1]: Leaving directory '/home/munna/dune/dune-2.6.0/dune-fem1d/build-cmake/CMakeFiles/CMakeTmp'
Makefile:126: recipe for target 'cmTC_c19b7/fast' failed
make: *** [cmTC_c19b7/fast] Error 2

File /home/munna/dune/dune-2.6.0/dune-fem1d/build-cmake/CMakeFiles/CMakeTmp/CheckSymbolExists.cxx:
/* */
#include <utility>
#include <type_traits>

int main(int argc, char** argv)
{
  (void)argv;
#ifndef std::move<std::bool_constant<true>>
  return ((int*)(&std::move<std::bool_constant<true>>))[argc];
#else
  (void)argc;
  return 0;
#endif
}

Determining if the std::move<std::experimental::bool_constant<true>> exist failed with the following output:
Change Dir: /home/munna/dune/dune-2.6.0/dune-fem1d/build-cmake/CMakeFiles/CMakeTmp

Run Build Command:"/usr/bin/make" "cmTC_c13fd/fast"
/usr/bin/make -f CMakeFiles/cmTC_c13fd.dir/build.make CMakeFiles/cmTC_c13fd.dir/build
make[1]: Entering directory '/home/munna/dune/dune-2.6.0/dune-fem1d/build-cmake/CMakeFiles/CMakeTmp'
Building CXX object CMakeFiles/cmTC_c13fd.dir/CheckSymbolExists.cxx.o
/usr/bin/c++     -std=c++14 -DNDEBUG -O3 -ffast-math  -fPIE   -o CMakeFiles/cmTC_c13fd.dir/CheckSymbolExists.cxx.o -c /home/munna/dune/dune-2.6.0/dune-fem1d/build-cmake/CMakeFiles/CMakeTmp/CheckSymbolExists.cxx
/home/munna/dune/dune-2.6.0/dune-fem1d/build-cmake/CMakeFiles/CMakeTmp/CheckSymbolExists.cxx:8:12: warning: extra tokens at end of #ifndef directive
 #ifndef std::move<std::experimental::bool_constant<true>>
            ^
/home/munna/dune/dune-2.6.0/dune-fem1d/build-cmake/CMakeFiles/CMakeTmp/CheckSymbolExists.cxx: In function ‘int main(int, char**)’:
/home/munna/dune/dune-2.6.0/dune-fem1d/build-cmake/CMakeFiles/CMakeTmp/CheckSymbolExists.cxx:9:29: error: ‘bool_constant’ is not a member of ‘std::experimental’
   return ((int*)(&std::move<std::experimental::bool_constant<true>>))[argc];
                             ^
/home/munna/dune/dune-2.6.0/dune-fem1d/build-cmake/CMakeFiles/CMakeTmp/CheckSymbolExists.cxx:9:29: error: ‘bool_constant’ is not a member of ‘std::experimental’
/home/munna/dune/dune-2.6.0/dune-fem1d/build-cmake/CMakeFiles/CMakeTmp/CheckSymbolExists.cxx:9:68: error: expected primary-expression before ‘)’ token
   return ((int*)(&std::move<std::experimental::bool_constant<true>>))[argc];
                                                                    ^
CMakeFiles/cmTC_c13fd.dir/build.make:65: recipe for target 'CMakeFiles/cmTC_c13fd.dir/CheckSymbolExists.cxx.o' failed
make[1]: *** [CMakeFiles/cmTC_c13fd.dir/CheckSymbolExists.cxx.o] Error 1
make[1]: Leaving directory '/home/munna/dune/dune-2.6.0/dune-fem1d/build-cmake/CMakeFiles/CMakeTmp'
Makefile:126: recipe for target 'cmTC_c13fd/fast' failed
make: *** [cmTC_c13fd/fast] Error 2

File /home/munna/dune/dune-2.6.0/dune-fem1d/build-cmake/CMakeFiles/CMakeTmp/CheckSymbolExists.cxx:
/* */
#include <utility>
#include <experimental/type_traits>

int main(int argc, char** argv)
{
  (void)argv;
#ifndef std::move<std::experimental::bool_constant<true>>
  return ((int*)(&std::move<std::experimental::bool_constant<true>>))[argc];
#else
  (void)argc;
  return 0;
#endif
}

Determining if the std::apply<std::negate<int>,std::tuple<int>> exist failed with the following output:
Change Dir: /home/munna/dune/dune-2.6.0/dune-fem1d/build-cmake/CMakeFiles/CMakeTmp

Run Build Command:"/usr/bin/make" "cmTC_db9bd/fast"
/usr/bin/make -f CMakeFiles/cmTC_db9bd.dir/build.make CMakeFiles/cmTC_db9bd.dir/build
make[1]: Entering directory '/home/munna/dune/dune-2.6.0/dune-fem1d/build-cmake/CMakeFiles/CMakeTmp'
Building CXX object CMakeFiles/cmTC_db9bd.dir/CheckSymbolExists.cxx.o
/usr/bin/c++     -std=c++14 -DNDEBUG -O3 -ffast-math  -fPIE   -o CMakeFiles/cmTC_db9bd.dir/CheckSymbolExists.cxx.o -c /home/munna/dune/dune-2.6.0/dune-fem1d/build-cmake/CMakeFiles/CMakeTmp/CheckSymbolExists.cxx
/home/munna/dune/dune-2.6.0/dune-fem1d/build-cmake/CMakeFiles/CMakeTmp/CheckSymbolExists.cxx:8:12: warning: extra tokens at end of #ifndef directive
 #ifndef std::apply<std::negate<int>,std::tuple<int>>
            ^
/home/munna/dune/dune-2.6.0/dune-fem1d/build-cmake/CMakeFiles/CMakeTmp/CheckSymbolExists.cxx: In function ‘int main(int, char**)’:
/home/munna/dune/dune-2.6.0/dune-fem1d/build-cmake/CMakeFiles/CMakeTmp/CheckSymbolExists.cxx:9:19: error: ‘apply’ is not a member of ‘std’
   return ((int*)(&std::apply<std::negate<int>,std::tuple<int>>))[argc];
                   ^
/home/munna/dune/dune-2.6.0/dune-fem1d/build-cmake/CMakeFiles/CMakeTmp/CheckSymbolExists.cxx:9:46: error: expected primary-expression before ‘,’ token
   return ((int*)(&std::apply<std::negate<int>,std::tuple<int>>))[argc];
                                              ^
/home/munna/dune/dune-2.6.0/dune-fem1d/build-cmake/CMakeFiles/CMakeTmp/CheckSymbolExists.cxx:9:61: error: expected primary-expression before ‘>’ token
   return ((int*)(&std::apply<std::negate<int>,std::tuple<int>>))[argc];
                                                             ^
/home/munna/dune/dune-2.6.0/dune-fem1d/build-cmake/CMakeFiles/CMakeTmp/CheckSymbolExists.cxx:9:63: error: expected primary-expression before ‘)’ token
   return ((int*)(&std::apply<std::negate<int>,std::tuple<int>>))[argc];
                                                               ^
CMakeFiles/cmTC_db9bd.dir/build.make:65: recipe for target 'CMakeFiles/cmTC_db9bd.dir/CheckSymbolExists.cxx.o' failed
make[1]: *** [CMakeFiles/cmTC_db9bd.dir/CheckSymbolExists.cxx.o] Error 1
make[1]: Leaving directory '/home/munna/dune/dune-2.6.0/dune-fem1d/build-cmake/CMakeFiles/CMakeTmp'
Makefile:126: recipe for target 'cmTC_db9bd/fast' failed
make: *** [cmTC_db9bd/fast] Error 2

File /home/munna/dune/dune-2.6.0/dune-fem1d/build-cmake/CMakeFiles/CMakeTmp/CheckSymbolExists.cxx:
/* */
#include <functional>
#include <tuple>

int main(int argc, char** argv)
{
  (void)argv;
#ifndef std::apply<std::negate<int>,std::tuple<int>>
  return ((int*)(&std::apply<std::negate<int>,std::tuple<int>>))[argc];
#else
  (void)argc;
  return 0;
#endif
}

Determining if the std::experimental::make_array<int,int> exist failed with the following output:
Change Dir: /home/munna/dune/dune-2.6.0/dune-fem1d/build-cmake/CMakeFiles/CMakeTmp

Run Build Command:"/usr/bin/make" "cmTC_2907b/fast"
/usr/bin/make -f CMakeFiles/cmTC_2907b.dir/build.make CMakeFiles/cmTC_2907b.dir/build
make[1]: Entering directory '/home/munna/dune/dune-2.6.0/dune-fem1d/build-cmake/CMakeFiles/CMakeTmp'
Building CXX object CMakeFiles/cmTC_2907b.dir/CheckSymbolExists.cxx.o
/usr/bin/c++     -std=c++14 -DNDEBUG -O3 -ffast-math  -fPIE   -o CMakeFiles/cmTC_2907b.dir/CheckSymbolExists.cxx.o -c /home/munna/dune/dune-2.6.0/dune-fem1d/build-cmake/CMakeFiles/CMakeTmp/CheckSymbolExists.cxx
/home/munna/dune/dune-2.6.0/dune-fem1d/build-cmake/CMakeFiles/CMakeTmp/CheckSymbolExists.cxx:2:30: fatal error: experimental/array: No such file or directory
compilation terminated.
CMakeFiles/cmTC_2907b.dir/build.make:65: recipe for target 'CMakeFiles/cmTC_2907b.dir/CheckSymbolExists.cxx.o' failed
make[1]: *** [CMakeFiles/cmTC_2907b.dir/CheckSymbolExists.cxx.o] Error 1
make[1]: Leaving directory '/home/munna/dune/dune-2.6.0/dune-fem1d/build-cmake/CMakeFiles/CMakeTmp'
Makefile:126: recipe for target 'cmTC_2907b/fast' failed
make: *** [cmTC_2907b/fast] Error 2

File /home/munna/dune/dune-2.6.0/dune-fem1d/build-cmake/CMakeFiles/CMakeTmp/CheckSymbolExists.cxx:
/* */
#include <experimental/array>

int main(int argc, char** argv)
{
  (void)argv;
#ifndef std::experimental::make_array<int,int>
  return ((int*)(&std::experimental::make_array<int,int>))[argc];
#else
  (void)argc;
  return 0;
#endif
}

Determining if the std::move<std::experimental::detected_t<std::decay_t,int>> exist failed with the following output:
Change Dir: /home/munna/dune/dune-2.6.0/dune-fem1d/build-cmake/CMakeFiles/CMakeTmp

Run Build Command:"/usr/bin/make" "cmTC_f82d0/fast"
/usr/bin/make -f CMakeFiles/cmTC_f82d0.dir/build.make CMakeFiles/cmTC_f82d0.dir/build
make[1]: Entering directory '/home/munna/dune/dune-2.6.0/dune-fem1d/build-cmake/CMakeFiles/CMakeTmp'
Building CXX object CMakeFiles/cmTC_f82d0.dir/CheckSymbolExists.cxx.o
/usr/bin/c++     -std=c++14 -DNDEBUG -O3 -ffast-math  -fPIE   -o CMakeFiles/cmTC_f82d0.dir/CheckSymbolExists.cxx.o -c /home/munna/dune/dune-2.6.0/dune-fem1d/build-cmake/CMakeFiles/CMakeTmp/CheckSymbolExists.cxx
/home/munna/dune/dune-2.6.0/dune-fem1d/build-cmake/CMakeFiles/CMakeTmp/CheckSymbolExists.cxx:8:12: warning: extra tokens at end of #ifndef directive
 #ifndef std::move<std::experimental::detected_t<std::decay_t,int>>
            ^
/home/munna/dune/dune-2.6.0/dune-fem1d/build-cmake/CMakeFiles/CMakeTmp/CheckSymbolExists.cxx: In function ‘int main(int, char**)’:
/home/munna/dune/dune-2.6.0/dune-fem1d/build-cmake/CMakeFiles/CMakeTmp/CheckSymbolExists.cxx:9:29: error: ‘detected_t’ is not a member of ‘std::experimental’
   return ((int*)(&std::move<std::experimental::detected_t<std::decay_t,int>>))[argc];
                             ^
/home/munna/dune/dune-2.6.0/dune-fem1d/build-cmake/CMakeFiles/CMakeTmp/CheckSymbolExists.cxx:9:29: error: ‘detected_t’ is not a member of ‘std::experimental’
/home/munna/dune/dune-2.6.0/dune-fem1d/build-cmake/CMakeFiles/CMakeTmp/CheckSymbolExists.cxx:9:24: error: parse error in template argument list
   return ((int*)(&std::move<std::experimental::detected_t<std::decay_t,int>>))[argc];
                        ^
/home/munna/dune/dune-2.6.0/dune-fem1d/build-cmake/CMakeFiles/CMakeTmp/CheckSymbolExists.cxx:9:77: error: expected primary-expression before ‘)’ token
   return ((int*)(&std::move<std::experimental::detected_t<std::decay_t,int>>))[argc];
                                                                             ^
CMakeFiles/cmTC_f82d0.dir/build.make:65: recipe for target 'CMakeFiles/cmTC_f82d0.dir/CheckSymbolExists.cxx.o' failed
make[1]: *** [CMakeFiles/cmTC_f82d0.dir/CheckSymbolExists.cxx.o] Error 1
make[1]: Leaving directory '/home/munna/dune/dune-2.6.0/dune-fem1d/build-cmake/CMakeFiles/CMakeTmp'
Makefile:126: recipe for target 'cmTC_f82d0/fast' failed
make: *** [cmTC_f82d0/fast] Error 2

File /home/munna/dune/dune-2.6.0/dune-fem1d/build-cmake/CMakeFiles/CMakeTmp/CheckSymbolExists.cxx:
/* */
#include <utility>
#include <experimental/type_traits>

int main(int argc, char** argv)
{
  (void)argv;
#ifndef std::move<std::experimental::detected_t<std::decay_t,int>>
  return ((int*)(&std::move<std::experimental::detected_t<std::decay_t,int>>))[argc];
#else
  (void)argc;
  return 0;
#endif
}

Determining if the include file gmpxx.h exists failed with the following output:
Change Dir: /home/munna/dune/dune-2.6.0/dune-fem1d/build-cmake/CMakeFiles/CMakeTmp

Run Build Command:"/usr/bin/make" "cmTC_9c807/fast"
/usr/bin/make -f CMakeFiles/cmTC_9c807.dir/build.make CMakeFiles/cmTC_9c807.dir/build
make[1]: Entering directory '/home/munna/dune/dune-2.6.0/dune-fem1d/build-cmake/CMakeFiles/CMakeTmp'
Building CXX object CMakeFiles/cmTC_9c807.dir/CheckIncludeFile.cxx.o
/usr/bin/c++     -std=c++14 -DNDEBUG -O3 -ffast-math  -fPIE   -o CMakeFiles/cmTC_9c807.dir/CheckIncludeFile.cxx.o -c /home/munna/dune/dune-2.6.0/dune-fem1d/build-cmake/CMakeFiles/CMakeTmp/CheckIncludeFile.cxx
/home/munna/dune/dune-2.6.0/dune-fem1d/build-cmake/CMakeFiles/CMakeTmp/CheckIncludeFile.cxx:1:19: fatal error: gmpxx.h: No such file or directory
compilation terminated.
CMakeFiles/cmTC_9c807.dir/build.make:65: recipe for target 'CMakeFiles/cmTC_9c807.dir/CheckIncludeFile.cxx.o' failed
make[1]: *** [CMakeFiles/cmTC_9c807.dir/CheckIncludeFile.cxx.o] Error 1
make[1]: Leaving directory '/home/munna/dune/dune-2.6.0/dune-fem1d/build-cmake/CMakeFiles/CMakeTmp'
Makefile:126: recipe for target 'cmTC_9c807/fast' failed
make: *** [cmTC_9c807/fast] Error 2


Determining location of GMP, GMPxx failed:
Include directory: GMPXX_INCLUDE_DIR-NOTFOUND
gmp library directory: GMP_LIB-NOTFOUND
gmpxx library directory: GMPXX_LIB-NOTFOUND

Performing C++ SOURCE FILE Test TBB_COMPILE_TEST failed with the following output:
Change Dir: /home/munna/dune/dune-2.6.0/dune-fem1d/build-cmake/CMakeFiles/CMakeTmp

Run Build Command:"/usr/bin/make" "cmTC_fbe91/fast"
/usr/bin/make -f CMakeFiles/cmTC_fbe91.dir/build.make CMakeFiles/cmTC_fbe91.dir/build
make[1]: Entering directory '/home/munna/dune/dune-2.6.0/dune-fem1d/build-cmake/CMakeFiles/CMakeTmp'
Building CXX object CMakeFiles/cmTC_fbe91.dir/src.cxx.o
/usr/bin/c++   -D_TBB_CPP0X  -std=c++14 -DNDEBUG -O3 -ffast-math -DTBB_COMPILE_TEST -fPIE   -o CMakeFiles/cmTC_fbe91.dir/src.cxx.o -c /home/munna/dune/dune-2.6.0/dune-fem1d/build-cmake/CMakeFiles/CMakeTmp/src.cxx
/home/munna/dune/dune-2.6.0/dune-fem1d/build-cmake/CMakeFiles/CMakeTmp/src.cxx:2:21: fatal error: tbb/tbb.h: No such file or directory
compilation terminated.
CMakeFiles/cmTC_fbe91.dir/build.make:65: recipe for target 'CMakeFiles/cmTC_fbe91.dir/src.cxx.o' failed
make[1]: *** [CMakeFiles/cmTC_fbe91.dir/src.cxx.o] Error 1
make[1]: Leaving directory '/home/munna/dune/dune-2.6.0/dune-fem1d/build-cmake/CMakeFiles/CMakeTmp'
Makefile:126: recipe for target 'cmTC_fbe91/fast' failed
make: *** [cmTC_fbe91/fast] Error 2

Source file was:

#include <tbb/tbb.h>
#include <numeric>

int main()
{
  int x[10] = {0};
  tbb::parallel_for(0,10,[&](int i){ x[i] = i; });
  return !(std::accumulate(x,x+10,0) == (9*10)/2);
}

Determining if the include file metis.h exists failed with the following output:
Change Dir: /home/munna/dune/dune-2.6.0/dune-fem1d/build-cmake/CMakeFiles/CMakeTmp

Run Build Command:"/usr/bin/make" "cmTC_dc415/fast"
/usr/bin/make -f CMakeFiles/cmTC_dc415.dir/build.make CMakeFiles/cmTC_dc415.dir/build
make[1]: Entering directory '/home/munna/dune/dune-2.6.0/dune-fem1d/build-cmake/CMakeFiles/CMakeTmp'
Building C object CMakeFiles/cmTC_dc415.dir/CheckIncludeFile.c.o
/usr/bin/cc    -fPIE   -o CMakeFiles/cmTC_dc415.dir/CheckIncludeFile.c.o   -c /home/munna/dune/dune-2.6.0/dune-fem1d/build-cmake/CMakeFiles/CMakeTmp/CheckIncludeFile.c
/home/munna/dune/dune-2.6.0/dune-fem1d/build-cmake/CMakeFiles/CMakeTmp/CheckIncludeFile.c:1:19: fatal error: metis.h: No such file or directory
compilation terminated.
CMakeFiles/cmTC_dc415.dir/build.make:65: recipe for target 'CMakeFiles/cmTC_dc415.dir/CheckIncludeFile.c.o' failed
make[1]: *** [CMakeFiles/cmTC_dc415.dir/CheckIncludeFile.c.o] Error 1
make[1]: Leaving directory '/home/munna/dune/dune-2.6.0/dune-fem1d/build-cmake/CMakeFiles/CMakeTmp'
Makefile:126: recipe for target 'cmTC_dc415/fast' failed
make: *** [cmTC_dc415/fast] Error 2


Determing location of METIS failed:
Include directory: 
Library directory: 

Determining if the include file parmetis.h exists failed with the following output:
Change Dir: /home/munna/dune/dune-2.6.0/dune-fem1d/build-cmake/CMakeFiles/CMakeTmp

Run Build Command:"/usr/bin/make" "cmTC_333b6/fast"
/usr/bin/make -f CMakeFiles/cmTC_333b6.dir/build.make CMakeFiles/cmTC_333b6.dir/build
make[1]: Entering directory '/home/munna/dune/dune-2.6.0/dune-fem1d/build-cmake/CMakeFiles/CMakeTmp'
Building C object CMakeFiles/cmTC_333b6.dir/CheckIncludeFile.c.o
/usr/bin/cc    -fPIE   -o CMakeFiles/cmTC_333b6.dir/CheckIncludeFile.c.o   -c /home/munna/dune/dune-2.6.0/dune-fem1d/build-cmake/CMakeFiles/CMakeTmp/CheckIncludeFile.c
/home/munna/dune/dune-2.6.0/dune-fem1d/build-cmake/CMakeFiles/CMakeTmp/CheckIncludeFile.c:1:22: fatal error: parmetis.h: No such file or directory
compilation terminated.
CMakeFiles/cmTC_333b6.dir/build.make:65: recipe for target 'CMakeFiles/cmTC_333b6.dir/CheckIncludeFile.c.o' failed
make[1]: *** [CMakeFiles/cmTC_333b6.dir/CheckIncludeFile.c.o] Error 1
make[1]: Leaving directory '/home/munna/dune/dune-2.6.0/dune-fem1d/build-cmake/CMakeFiles/CMakeTmp'
Makefile:126: recipe for target 'cmTC_333b6/fast' failed
make: *** [cmTC_333b6/fast] Error 2


Determing location of ParMETIS failed:
Include directory: PARMETIS_INCLUDE_DIR-NOTFOUND
ParMETIS library directory: ParMETIS_LIBRARY-NOTFOUND
Header metis.h: FALSE

Performing C SOURCE FILE Test SUPERLU_MIN_VERSION_4 failed with the following output:
Change Dir: /home/munna/dune/dune-2.6.0/dune-fem1d/build-cmake/CMakeFiles/CMakeTmp

Run Build Command:"/usr/bin/make" "cmTC_19e26/fast"
/usr/bin/make -f CMakeFiles/cmTC_19e26.dir/build.make CMakeFiles/cmTC_19e26.dir/build
make[1]: Entering directory '/home/munna/dune/dune-2.6.0/dune-fem1d/build-cmake/CMakeFiles/CMakeTmp'
Building C object CMakeFiles/cmTC_19e26.dir/src.c.o
/usr/bin/cc    -DSUPERLU_MIN_VERSION_4 -fPIE   -o CMakeFiles/cmTC_19e26.dir/src.c.o   -c /home/munna/dune/dune-2.6.0/dune-fem1d/build-cmake/CMakeFiles/CMakeTmp/src.c
/home/munna/dune/dune-2.6.0/dune-fem1d/build-cmake/CMakeFiles/CMakeTmp/src.c:3:25: fatal error: supermatrix.h: No such file or directory
compilation terminated.
CMakeFiles/cmTC_19e26.dir/build.make:65: recipe for target 'CMakeFiles/cmTC_19e26.dir/src.c.o' failed
make[1]: *** [CMakeFiles/cmTC_19e26.dir/src.c.o] Error 1
make[1]: Leaving directory '/home/munna/dune/dune-2.6.0/dune-fem1d/build-cmake/CMakeFiles/CMakeTmp'
Makefile:126: recipe for target 'cmTC_19e26/fast' failed
make: *** [cmTC_19e26/fast] Error 2

Source file was:

typedef int int_t;
#include <supermatrix.h>
#include <slu_util.h>
int main()
{
  SuperLUStat_t stat;
  stat.expansions=8;
  return 0;
}
Performing C SOURCE FILE Test SUPERLU_MIN_VERSION_4_3 failed with the following output:
Change Dir: /home/munna/dune/dune-2.6.0/dune-fem1d/build-cmake/CMakeFiles/CMakeTmp

Run Build Command:"/usr/bin/make" "cmTC_9b063/fast"
/usr/bin/make -f CMakeFiles/cmTC_9b063.dir/build.make CMakeFiles/cmTC_9b063.dir/build
make[1]: Entering directory '/home/munna/dune/dune-2.6.0/dune-fem1d/build-cmake/CMakeFiles/CMakeTmp'
Building C object CMakeFiles/cmTC_9b063.dir/src.c.o
/usr/bin/cc    -DSUPERLU_MIN_VERSION_4_3 -fPIE   -o CMakeFiles/cmTC_9b063.dir/src.c.o   -c /home/munna/dune/dune-2.6.0/dune-fem1d/build-cmake/CMakeFiles/CMakeTmp/src.c
/home/munna/dune/dune-2.6.0/dune-fem1d/build-cmake/CMakeFiles/CMakeTmp/src.c:2:23: fatal error: slu_ddefs.h: No such file or directory
compilation terminated.
CMakeFiles/cmTC_9b063.dir/build.make:65: recipe for target 'CMakeFiles/cmTC_9b063.dir/src.c.o' failed
make[1]: *** [CMakeFiles/cmTC_9b063.dir/src.c.o] Error 1
make[1]: Leaving directory '/home/munna/dune/dune-2.6.0/dune-fem1d/build-cmake/CMakeFiles/CMakeTmp'
Makefile:126: recipe for target 'cmTC_9b063/fast' failed
make: *** [cmTC_9b063/fast] Error 2

Source file was:

#include <slu_ddefs.h>
int main(void)
{
  return SLU_DOUBLE;
}
Performing C SOURCE FILE Test SUPERLU_MIN_VERSION_5 failed with the following output:
Change Dir: /home/munna/dune/dune-2.6.0/dune-fem1d/build-cmake/CMakeFiles/CMakeTmp

Run Build Command:"/usr/bin/make" "cmTC_eead7/fast"
/usr/bin/make -f CMakeFiles/cmTC_eead7.dir/build.make CMakeFiles/cmTC_eead7.dir/build
make[1]: Entering directory '/home/munna/dune/dune-2.6.0/dune-fem1d/build-cmake/CMakeFiles/CMakeTmp'
Building C object CMakeFiles/cmTC_eead7.dir/src.c.o
/usr/bin/cc    -DSUPERLU_MIN_VERSION_5 -fPIE   -o CMakeFiles/cmTC_eead7.dir/src.c.o   -c /home/munna/dune/dune-2.6.0/dune-fem1d/build-cmake/CMakeFiles/CMakeTmp/src.c
/home/munna/dune/dune-2.6.0/dune-fem1d/build-cmake/CMakeFiles/CMakeTmp/src.c:3:25: fatal error: supermatrix.h: No such file or directory
compilation terminated.
CMakeFiles/cmTC_eead7.dir/build.make:65: recipe for target 'CMakeFiles/cmTC_eead7.dir/src.c.o' failed
make[1]: *** [CMakeFiles/cmTC_eead7.dir/src.c.o] Error 1
make[1]: Leaving directory '/home/munna/dune/dune-2.6.0/dune-fem1d/build-cmake/CMakeFiles/CMakeTmp'
Makefile:126: recipe for target 'cmTC_eead7/fast' failed
make: *** [cmTC_eead7/fast] Error 2

Source file was:

typedef int int_t;
#include <supermatrix.h>
#include <slu_util.h>
int main(void)
{
  GlobalLU_t glu;
  return 0;
}
Determining location of SuperLU failed:
Include directory: 
Library directory: 
Found unsupported version: SuperLU < 4.0

Determing location of ARPACK failed:
Libraries to link against: 

Determing location of ARPACK++ failed:
Include directory: 
Libraries to link against: 

Determing location of METIS failed:
Include directory: 
Library directory: 

Determing location of ParMETIS failed:
Include directory: PARMETIS_INCLUDE_DIR-NOTFOUND
ParMETIS library directory: ParMETIS_LIBRARY-NOTFOUND
Header metis.h: FALSE

Determining location of psurface failed:
Include directory: 
Library directory: 

